2023-01-19 22:09:44,125 INFO  [restartedMain] com.tpe.SpringbootintroApplication:Starting SpringbootintroApplication using Java 11.0.15 on apples-MBP.home with PID 63311 (/Users/apple/IdeaProjects/springbootintro/target/classes started by apple in /Users/apple/IdeaProjects/springbootintro)
2023-01-19 22:09:44,256 INFO  [restartedMain] com.tpe.SpringbootintroApplication:No active profile set, falling back to default profiles: default
2023-01-19 22:09:44,405 INFO  [restartedMain] org.springframework.boot.devtools.env.DevToolsPropertyDefaultsPostProcessor:Devtools property defaults active! Set 'spring.devtools.add-properties' to 'false' to disable
2023-01-19 22:09:44,408 INFO  [restartedMain] org.springframework.boot.devtools.env.DevToolsPropertyDefaultsPostProcessor:For additional web related logging consider setting the 'logging.level.web' property to 'DEBUG'
2023-01-19 22:09:47,029 INFO  [restartedMain] org.springframework.data.repository.config.RepositoryConfigurationDelegate:Bootstrapping Spring Data JPA repositories in DEFAULT mode.
2023-01-19 22:09:47,129 INFO  [restartedMain] org.springframework.data.repository.config.RepositoryConfigurationDelegate:Finished Spring Data repository scanning in 89 ms. Found 1 JPA repository interfaces.
2023-01-19 22:09:48,740 INFO  [restartedMain] org.springframework.boot.web.embedded.tomcat.TomcatWebServer:Tomcat initialized with port(s): 8080 (http)
2023-01-19 22:09:48,754 INFO  [restartedMain] org.apache.catalina.core.StandardService:Starting service [Tomcat]
2023-01-19 22:09:48,755 INFO  [restartedMain] org.apache.catalina.core.StandardEngine:Starting Servlet engine: [Apache Tomcat/9.0.56]
2023-01-19 22:09:48,917 INFO  [restartedMain] org.apache.catalina.core.ContainerBase.[Tomcat].[localhost].[/]:Initializing Spring embedded WebApplicationContext
2023-01-19 22:09:48,921 INFO  [restartedMain] org.springframework.boot.web.servlet.context.ServletWebServerApplicationContext:Root WebApplicationContext: initialization completed in 4511 ms
2023-01-19 22:09:49,634 INFO  [restartedMain] org.hibernate.jpa.internal.util.LogHelper:HHH000204: Processing PersistenceUnitInfo [name: default]
2023-01-19 22:09:49,692 INFO  [restartedMain] org.hibernate.Version:HHH000412: Hibernate ORM core version 5.6.4.Final
2023-01-19 22:09:49,877 INFO  [restartedMain] org.hibernate.annotations.common.Version:HCANN000001: Hibernate Commons Annotations {5.1.2.Final}
2023-01-19 22:09:50,017 INFO  [restartedMain] com.zaxxer.hikari.HikariDataSource:HikariPool-1 - Starting...
2023-01-19 22:09:50,396 INFO  [restartedMain] com.zaxxer.hikari.HikariDataSource:HikariPool-1 - Start completed.
2023-01-19 22:09:50,420 INFO  [restartedMain] org.hibernate.dialect.Dialect:HHH000400: Using dialect: org.hibernate.dialect.PostgreSQLDialect
2023-01-19 22:09:51,756 INFO  [restartedMain] org.hibernate.engine.transaction.jta.platform.internal.JtaPlatformInitiator:HHH000490: Using JtaPlatform implementation: [org.hibernate.engine.transaction.jta.platform.internal.NoJtaPlatform]
2023-01-19 22:09:51,770 INFO  [restartedMain] org.springframework.orm.jpa.LocalContainerEntityManagerFactoryBean:Initialized JPA EntityManagerFactory for persistence unit 'default'
2023-01-19 22:09:52,912 WARN  [restartedMain] org.springframework.boot.autoconfigure.orm.jpa.JpaBaseConfiguration$JpaWebConfiguration:spring.jpa.open-in-view is enabled by default. Therefore, database queries may be performed during view rendering. Explicitly configure spring.jpa.open-in-view to disable this warning
2023-01-19 22:09:53,750 INFO  [restartedMain] org.springframework.boot.autoconfigure.security.servlet.UserDetailsServiceAutoConfiguration:

Using generated security password: 57025333-b5be-4183-b013-b31e2643fd57

2023-01-19 22:09:53,906 INFO  [restartedMain] org.springframework.boot.actuate.endpoint.web.EndpointLinksResolver:Exposing 4 endpoint(s) beneath base path '/actuator'
2023-01-19 22:09:53,932 INFO  [restartedMain] org.springframework.security.web.DefaultSecurityFilterChain:Will secure any request with [org.springframework.security.web.context.request.async.WebAsyncManagerIntegrationFilter@60d0b71b, org.springframework.security.web.context.SecurityContextPersistenceFilter@444b7613, org.springframework.security.web.header.HeaderWriterFilter@53c29963, org.springframework.web.filter.CorsFilter@56217ebb, org.springframework.security.web.csrf.CsrfFilter@74753115, org.springframework.security.web.authentication.logout.LogoutFilter@54d37395, org.springframework.security.web.authentication.UsernamePasswordAuthenticationFilter@296aa62, org.springframework.security.web.authentication.ui.DefaultLoginPageGeneratingFilter@608d585c, org.springframework.security.web.authentication.ui.DefaultLogoutPageGeneratingFilter@7ef4d854, org.springframework.security.web.authentication.www.BasicAuthenticationFilter@3cf291ea, org.springframework.security.web.savedrequest.RequestCacheAwareFilter@92c585c, org.springframework.security.web.servletapi.SecurityContextHolderAwareRequestFilter@25f1de9e, org.springframework.security.web.authentication.AnonymousAuthenticationFilter@1af31ca4, org.springframework.security.web.session.SessionManagementFilter@4face5ba, org.springframework.security.web.access.ExceptionTranslationFilter@60985afc, org.springframework.security.web.access.intercept.FilterSecurityInterceptor@35297a02]
2023-01-19 22:09:54,080 INFO  [restartedMain] org.springframework.boot.devtools.autoconfigure.OptionalLiveReloadServer:LiveReload server is running on port 35729
2023-01-19 22:09:54,197 INFO  [restartedMain] org.springframework.boot.web.embedded.tomcat.TomcatWebServer:Tomcat started on port(s): 8080 (http) with context path ''
2023-01-19 22:09:54,278 INFO  [restartedMain] com.tpe.SpringbootintroApplication:Started SpringbootintroApplication in 12.036 seconds (JVM running for 14.134)
2023-01-19 22:11:01,068 INFO  [http-nio-8080-exec-1] org.apache.catalina.core.ContainerBase.[Tomcat].[localhost].[/]:Initializing Spring DispatcherServlet 'dispatcherServlet'
2023-01-19 22:15:56,032 INFO  [SpringApplicationShutdownHook] org.springframework.orm.jpa.LocalContainerEntityManagerFactoryBean:Closing JPA EntityManagerFactory for persistence unit 'default'
2023-01-19 22:15:56,045 INFO  [SpringApplicationShutdownHook] com.zaxxer.hikari.HikariDataSource:HikariPool-1 - Shutdown initiated...
2023-01-19 22:15:56,069 INFO  [SpringApplicationShutdownHook] com.zaxxer.hikari.HikariDataSource:HikariPool-1 - Shutdown completed.
2023-01-19 22:18:31,415 INFO  [restartedMain] com.tpe.SpringbootintroApplication:Starting SpringbootintroApplication using Java 11.0.15 on apples-MBP.home with PID 64095 (/Users/apple/IdeaProjects/springbootintro/target/classes started by apple in /Users/apple/IdeaProjects/springbootintro)
2023-01-19 22:18:31,431 INFO  [restartedMain] com.tpe.SpringbootintroApplication:No active profile set, falling back to default profiles: default
2023-01-19 22:18:31,622 INFO  [restartedMain] org.springframework.boot.devtools.env.DevToolsPropertyDefaultsPostProcessor:Devtools property defaults active! Set 'spring.devtools.add-properties' to 'false' to disable
2023-01-19 22:18:31,624 INFO  [restartedMain] org.springframework.boot.devtools.env.DevToolsPropertyDefaultsPostProcessor:For additional web related logging consider setting the 'logging.level.web' property to 'DEBUG'
2023-01-19 22:18:34,897 INFO  [restartedMain] org.springframework.data.repository.config.RepositoryConfigurationDelegate:Bootstrapping Spring Data JPA repositories in DEFAULT mode.
2023-01-19 22:18:35,089 INFO  [restartedMain] org.springframework.data.repository.config.RepositoryConfigurationDelegate:Finished Spring Data repository scanning in 164 ms. Found 1 JPA repository interfaces.
2023-01-19 22:18:37,649 INFO  [restartedMain] org.springframework.boot.web.embedded.tomcat.TomcatWebServer:Tomcat initialized with port(s): 8080 (http)
2023-01-19 22:18:37,666 INFO  [restartedMain] org.apache.catalina.core.StandardService:Starting service [Tomcat]
2023-01-19 22:18:37,666 INFO  [restartedMain] org.apache.catalina.core.StandardEngine:Starting Servlet engine: [Apache Tomcat/9.0.56]
2023-01-19 22:18:37,788 INFO  [restartedMain] org.apache.catalina.core.ContainerBase.[Tomcat].[localhost].[/]:Initializing Spring embedded WebApplicationContext
2023-01-19 22:18:37,788 INFO  [restartedMain] org.springframework.boot.web.servlet.context.ServletWebServerApplicationContext:Root WebApplicationContext: initialization completed in 6164 ms
2023-01-19 22:18:38,443 INFO  [restartedMain] org.hibernate.jpa.internal.util.LogHelper:HHH000204: Processing PersistenceUnitInfo [name: default]
2023-01-19 22:18:38,516 INFO  [restartedMain] org.hibernate.Version:HHH000412: Hibernate ORM core version 5.6.4.Final
2023-01-19 22:18:38,779 INFO  [restartedMain] org.hibernate.annotations.common.Version:HCANN000001: Hibernate Commons Annotations {5.1.2.Final}
2023-01-19 22:18:38,901 INFO  [restartedMain] com.zaxxer.hikari.HikariDataSource:HikariPool-1 - Starting...
2023-01-19 22:18:39,236 INFO  [restartedMain] com.zaxxer.hikari.HikariDataSource:HikariPool-1 - Start completed.
2023-01-19 22:18:39,259 INFO  [restartedMain] org.hibernate.dialect.Dialect:HHH000400: Using dialect: org.hibernate.dialect.PostgreSQLDialect
2023-01-19 22:18:40,712 INFO  [restartedMain] org.hibernate.engine.transaction.jta.platform.internal.JtaPlatformInitiator:HHH000490: Using JtaPlatform implementation: [org.hibernate.engine.transaction.jta.platform.internal.NoJtaPlatform]
2023-01-19 22:18:40,724 INFO  [restartedMain] org.springframework.orm.jpa.LocalContainerEntityManagerFactoryBean:Initialized JPA EntityManagerFactory for persistence unit 'default'
2023-01-19 22:18:42,043 WARN  [restartedMain] org.springframework.boot.autoconfigure.orm.jpa.JpaBaseConfiguration$JpaWebConfiguration:spring.jpa.open-in-view is enabled by default. Therefore, database queries may be performed during view rendering. Explicitly configure spring.jpa.open-in-view to disable this warning
2023-01-19 22:18:43,074 INFO  [restartedMain] org.springframework.boot.actuate.endpoint.web.EndpointLinksResolver:Exposing 4 endpoint(s) beneath base path '/actuator'
2023-01-19 22:18:43,099 INFO  [restartedMain] org.springframework.security.web.DefaultSecurityFilterChain:Will secure any request with [org.springframework.security.web.context.request.async.WebAsyncManagerIntegrationFilter@6c990836, org.springframework.security.web.context.SecurityContextPersistenceFilter@1a8e9167, org.springframework.security.web.header.HeaderWriterFilter@62afb844, org.springframework.web.filter.CorsFilter@2683615e, org.springframework.security.web.csrf.CsrfFilter@1d54e9e2, org.springframework.security.web.authentication.logout.LogoutFilter@37f45b8b, org.springframework.security.web.authentication.UsernamePasswordAuthenticationFilter@61010173, org.springframework.security.web.authentication.ui.DefaultLoginPageGeneratingFilter@193d43fa, org.springframework.security.web.authentication.ui.DefaultLogoutPageGeneratingFilter@71ecb239, org.springframework.security.web.authentication.www.BasicAuthenticationFilter@42c2bf48, org.springframework.security.web.savedrequest.RequestCacheAwareFilter@180bdce0, org.springframework.security.web.servletapi.SecurityContextHolderAwareRequestFilter@7eb1d721, org.springframework.security.web.authentication.AnonymousAuthenticationFilter@2c8fa554, org.springframework.security.web.session.SessionManagementFilter@4d4b2b5f, org.springframework.security.web.access.ExceptionTranslationFilter@678f82e4, org.springframework.security.web.access.intercept.FilterSecurityInterceptor@13ffa7c]
2023-01-19 22:18:43,224 INFO  [restartedMain] org.springframework.boot.devtools.autoconfigure.OptionalLiveReloadServer:LiveReload server is running on port 35729
2023-01-19 22:18:43,300 INFO  [restartedMain] org.springframework.boot.web.embedded.tomcat.TomcatWebServer:Tomcat started on port(s): 8080 (http) with context path ''
2023-01-19 22:18:43,342 INFO  [restartedMain] com.tpe.SpringbootintroApplication:Started SpringbootintroApplication in 13.584 seconds (JVM running for 15.543)
2023-01-19 22:18:46,723 INFO  [http-nio-8080-exec-1] org.apache.catalina.core.ContainerBase.[Tomcat].[localhost].[/]:Initializing Spring DispatcherServlet 'dispatcherServlet'
2023-01-19 22:20:40,759 INFO  [SpringApplicationShutdownHook] org.springframework.orm.jpa.LocalContainerEntityManagerFactoryBean:Closing JPA EntityManagerFactory for persistence unit 'default'
2023-01-19 22:20:40,792 INFO  [SpringApplicationShutdownHook] com.zaxxer.hikari.HikariDataSource:HikariPool-1 - Shutdown initiated...
2023-01-19 22:20:40,909 INFO  [SpringApplicationShutdownHook] com.zaxxer.hikari.HikariDataSource:HikariPool-1 - Shutdown completed.
